INFO	2016-01-11 19:15:33,206	0	topics.introduction.BasicAlgorithms	[main]	Adding two numbers
INFO	2016-01-11 19:15:33,207	1	topics.introduction.BasicAlgorithms	[main]	Adding two numbers
INFO	2016-01-11 19:15:46,940	0	topics.introduction.BasicAlgorithms	[main]	Adding two numbers
INFO	2016-01-11 19:15:46,941	1	topics.introduction.BasicAlgorithms	[main]	Adding two numbers
INFO	2016-01-11 19:15:52,012	0	topics.introduction.BasicAlgorithms	[main]	Adding two numbers
INFO	2016-01-11 19:15:52,014	2	topics.introduction.BasicAlgorithms	[main]	Adding two numbers
ERROR	2016-01-11 19:16:35,521	0	topics.introduction.BasicAlgorithms	[main]	Adding two numbers
ERROR	2016-01-11 19:16:35,522	1	topics.introduction.BasicAlgorithms	[main]	Adding two numbers
INFO	2016-01-11 19:16:53,306	0	topics.introduction.BasicAlgorithms	[main]	Adding two numbers
INFO	2016-01-11 19:16:53,307	1	topics.introduction.BasicAlgorithms	[main]	Adding two numbers
INFO	2016-01-11 19:17:02,411	0	topics.introduction.BasicAlgorithms	[main]	Adding two numbers
INFO	2016-01-11 19:17:02,412	1	topics.introduction.BasicAlgorithms	[main]	Adding two numbers
INFO	2016-01-11 19:19:21,061	0	topics.introduction.BasicAlgorithms	[main]	Adding two numbers
INFO	2016-01-11 19:19:21,062	1	topics.introduction.BasicAlgorithms	[main]	Adding two numbers
INFO	2016-01-11 19:19:55,079	0	topics.introduction.BasicAlgorithms	[main]	Adding two numbers
INFO	2016-01-11 19:19:55,079	0	topics.introduction.BasicAlgorithms	[main]	Adding two numbers
INFO	2016-01-11 19:25:19,519	0	topics.introduction.BasicAlgorithms	[main]	Adding two numbers
INFO	2016-01-11 19:25:19,520	1	topics.introduction.BasicAlgorithms	[main]	Adding two numbers
INFO	2016-01-11 19:25:27,125	0	topics.introduction.BasicAlgorithms	[main]	Adding two numbers
INFO	2016-01-11 19:25:27,126	1	topics.introduction.BasicAlgorithms	[main]	Adding two numbers
INFO	2016-01-11 19:26:02,270	0	topics.introduction.BasicAlgorithms	[main]	Adding two numbers
INFO	2016-01-11 19:26:02,271	1	topics.introduction.BasicAlgorithms	[main]	Adding two numbers
INFO	2016-01-11 19:26:06,152	0	topics.introduction.BasicAlgorithms	[main]	Adding two numbers
INFO	2016-01-11 19:26:06,153	1	topics.introduction.BasicAlgorithms	[main]	Adding two numbers
INFO	2016-01-11 19:26:09,211	0	topics.introduction.BasicAlgorithms	[main]	Adding two numbers
INFO	2016-01-11 19:26:09,212	1	topics.introduction.BasicAlgorithms	[main]	Adding two numbers
INFO	2016-01-11 19:27:09,645	0	topics.introduction.BasicAlgorithms	[main]	Adding two numbers
INFO	2016-01-11 19:27:09,646	1	topics.introduction.BasicAlgorithms	[main]	Adding two numbers
INFO	2016-01-11 19:27:15,810	0	topics.introduction.BasicAlgorithms	[main]	Adding two numbers
INFO	2016-01-11 19:27:15,811	1	topics.introduction.BasicAlgorithms	[main]	Adding two numbers
INFO	2016-01-11 19:27:22,064	0	topics.introduction.BasicAlgorithms	[main]	Adding two numbers
INFO	2016-01-11 19:27:22,065	1	topics.introduction.BasicAlgorithms	[main]	Adding two numbers
INFO	2016-01-11 19:27:34,026	0	topics.introduction.BasicAlgorithms	[main]	Adding two numbers
INFO	2016-01-11 19:27:34,027	1	topics.introduction.BasicAlgorithms	[main]	Adding two numbers
INFO	2016-01-11 19:28:07,207	0	topics.introduction.BasicAlgorithms	[main]	Adding two numbers
INFO	2016-01-11 19:28:07,208	1	topics.introduction.BasicAlgorithms	[main]	Adding two numbers
INFO	2016-01-11 19:29:21,324	0	topics.introduction.BasicAlgorithms	[main]	Adding two numbers
INFO	2016-01-11 19:29:21,326	2	topics.introduction.BasicAlgorithms	[main]	Adding two numbers
INFO	2016-01-11 19:29:37,727	0	topics.introduction.BasicAlgorithms	[main]	Adding two numbers
INFO	2016-01-11 19:29:37,728	1	topics.introduction.BasicAlgorithms	[main]	Adding two numbers
INFO	2016-01-11 19:29:40,914	0	topics.introduction.BasicAlgorithms	[main]	Adding two numbers
INFO	2016-01-11 19:29:40,915	1	topics.introduction.BasicAlgorithms	[main]	Adding two numbers
INFO	2016-01-11 19:30:27,834		topics.introduction.BasicAlgorithms	[main]	Adding two numbers
INFO	2016-01-11 19:30:27,835		topics.introduction.BasicAlgorithms	[main]	Adding two numbers
INFO	2016-01-11 19:31:06,972	topics.introduction.BasicAlgorithms	[main]	Adding two numbers
INFO	2016-01-11 19:31:06,974	topics.introduction.BasicAlgorithms	[main]	Adding two numbers
INFO	2016-01-11 19:31:27,133	topics.introduction.BasicAlgorithms	[main] - Adding two numbers
INFO	2016-01-11 19:31:27,134	topics.introduction.BasicAlgorithms	[main] - Adding two numbers
DEBUG	2016-01-11 19:45:20,701	freemarker.cache	[main] - Couldn't find template in cache for "BasicAlgorithms.ftl"("en_US", UTF-8, parsed); will try to load it.
DEBUG	2016-01-11 19:45:20,703	freemarker.cache	[main] - TemplateLoader.findTemplateSource("BasicAlgorithms_en_US.ftl"): Not found
DEBUG	2016-01-11 19:45:20,704	freemarker.cache	[main] - TemplateLoader.findTemplateSource("BasicAlgorithms_en.ftl"): Not found
DEBUG	2016-01-11 19:45:20,704	freemarker.cache	[main] - TemplateLoader.findTemplateSource("BasicAlgorithms.ftl"): Not found
DEBUG	2016-01-11 19:45:20,708	freemarker.cache	[main] - Couldn't find template in cache for "BasicAlgorithms.ftl"("en_US", UTF-8, parsed); will try to load it.
DEBUG	2016-01-11 19:45:20,709	freemarker.cache	[main] - TemplateLoader.findTemplateSource("BasicAlgorithms_en_US.ftl"): Not found
DEBUG	2016-01-11 19:45:20,709	freemarker.cache	[main] - TemplateLoader.findTemplateSource("BasicAlgorithms_en.ftl"): Not found
DEBUG	2016-01-11 19:45:20,709	freemarker.cache	[main] - TemplateLoader.findTemplateSource("BasicAlgorithms.ftl"): Not found
DEBUG	2016-01-11 19:45:32,647	freemarker.cache	[main] - Couldn't find template in cache for "BasicAlgorithms.ftl"("en_US", UTF-8, parsed); will try to load it.
DEBUG	2016-01-11 19:45:32,649	freemarker.cache	[main] - TemplateLoader.findTemplateSource("BasicAlgorithms_en_US.ftl"): Not found
DEBUG	2016-01-11 19:45:32,650	freemarker.cache	[main] - TemplateLoader.findTemplateSource("BasicAlgorithms_en.ftl"): Not found
DEBUG	2016-01-11 19:45:32,650	freemarker.cache	[main] - TemplateLoader.findTemplateSource("BasicAlgorithms.ftl"): Not found
DEBUG	2016-01-11 19:45:32,656	freemarker.cache	[main] - Couldn't find template in cache for "BasicAlgorithms.ftl"("en_US", UTF-8, parsed); will try to load it.
DEBUG	2016-01-11 19:45:32,656	freemarker.cache	[main] - TemplateLoader.findTemplateSource("BasicAlgorithms_en_US.ftl"): Not found
DEBUG	2016-01-11 19:45:32,656	freemarker.cache	[main] - TemplateLoader.findTemplateSource("BasicAlgorithms_en.ftl"): Not found
DEBUG	2016-01-11 19:45:32,656	freemarker.cache	[main] - TemplateLoader.findTemplateSource("BasicAlgorithms.ftl"): Not found
DEBUG	2016-01-11 19:45:45,320	freemarker.cache	[main] - Couldn't find template in cache for "BasicAlgorithms.ftl"("en_US", UTF-8, parsed); will try to load it.
DEBUG	2016-01-11 19:45:45,321	freemarker.cache	[main] - TemplateLoader.findTemplateSource("BasicAlgorithms_en_US.ftl"): Not found
DEBUG	2016-01-11 19:45:45,322	freemarker.cache	[main] - TemplateLoader.findTemplateSource("BasicAlgorithms_en.ftl"): Not found
DEBUG	2016-01-11 19:45:45,322	freemarker.cache	[main] - TemplateLoader.findTemplateSource("BasicAlgorithms.ftl"): Not found
DEBUG	2016-01-11 19:45:45,327	freemarker.cache	[main] - Couldn't find template in cache for "BasicAlgorithms.ftl"("en_US", UTF-8, parsed); will try to load it.
DEBUG	2016-01-11 19:45:45,328	freemarker.cache	[main] - TemplateLoader.findTemplateSource("BasicAlgorithms_en_US.ftl"): Not found
DEBUG	2016-01-11 19:45:45,328	freemarker.cache	[main] - TemplateLoader.findTemplateSource("BasicAlgorithms_en.ftl"): Not found
DEBUG	2016-01-11 19:45:45,328	freemarker.cache	[main] - TemplateLoader.findTemplateSource("BasicAlgorithms.ftl"): Not found
DEBUG	2016-01-11 19:46:44,176	freemarker.cache	[main] - Couldn't find template in cache for "src/main/java/BasicAlgorithms.ftl"("en_US", UTF-8, parsed); will try to load it.
DEBUG	2016-01-11 19:46:44,177	freemarker.cache	[main] - TemplateLoader.findTemplateSource("src/main/java/BasicAlgorithms_en_US.ftl"): Not found
DEBUG	2016-01-11 19:46:44,178	freemarker.cache	[main] - TemplateLoader.findTemplateSource("src/main/java/BasicAlgorithms_en.ftl"): Not found
DEBUG	2016-01-11 19:46:44,178	freemarker.cache	[main] - TemplateLoader.findTemplateSource("src/main/java/BasicAlgorithms.ftl"): Not found
DEBUG	2016-01-11 19:46:44,183	freemarker.cache	[main] - Couldn't find template in cache for "src/main/java/BasicAlgorithms.ftl"("en_US", UTF-8, parsed); will try to load it.
DEBUG	2016-01-11 19:46:44,184	freemarker.cache	[main] - TemplateLoader.findTemplateSource("src/main/java/BasicAlgorithms_en_US.ftl"): Not found
DEBUG	2016-01-11 19:46:44,184	freemarker.cache	[main] - TemplateLoader.findTemplateSource("src/main/java/BasicAlgorithms_en.ftl"): Not found
DEBUG	2016-01-11 19:46:44,184	freemarker.cache	[main] - TemplateLoader.findTemplateSource("src/main/java/BasicAlgorithms.ftl"): Not found
DEBUG	2016-01-11 19:47:06,208	freemarker.cache	[main] - Couldn't find template in cache for "src/main/java/topics.introduction/BasicAlgorithms.ftl"("en_US", UTF-8, parsed); will try to load it.
DEBUG	2016-01-11 19:47:06,209	freemarker.cache	[main] - TemplateLoader.findTemplateSource("src/main/java/topics.introduction/BasicAlgorithms_en_US.ftl"): Not found
DEBUG	2016-01-11 19:47:06,210	freemarker.cache	[main] - TemplateLoader.findTemplateSource("src/main/java/topics.introduction/BasicAlgorithms_en.ftl"): Not found
DEBUG	2016-01-11 19:47:06,210	freemarker.cache	[main] - TemplateLoader.findTemplateSource("src/main/java/topics.introduction/BasicAlgorithms.ftl"): Not found
DEBUG	2016-01-11 19:47:06,217	freemarker.cache	[main] - Couldn't find template in cache for "src/main/java/topics.introduction/BasicAlgorithms.ftl"("en_US", UTF-8, parsed); will try to load it.
DEBUG	2016-01-11 19:47:06,217	freemarker.cache	[main] - TemplateLoader.findTemplateSource("src/main/java/topics.introduction/BasicAlgorithms_en_US.ftl"): Not found
DEBUG	2016-01-11 19:47:06,218	freemarker.cache	[main] - TemplateLoader.findTemplateSource("src/main/java/topics.introduction/BasicAlgorithms_en.ftl"): Not found
DEBUG	2016-01-11 19:47:06,218	freemarker.cache	[main] - TemplateLoader.findTemplateSource("src/main/java/topics.introduction/BasicAlgorithms.ftl"): Not found
DEBUG	2016-01-11 19:47:21,474	freemarker.cache	[main] - Couldn't find template in cache for "src/main/java/topics/introduction/BasicAlgorithms.ftl"("en_US", UTF-8, parsed); will try to load it.
DEBUG	2016-01-11 19:47:21,475	freemarker.cache	[main] - TemplateLoader.findTemplateSource("src/main/java/topics/introduction/BasicAlgorithms_en_US.ftl"): Not found
DEBUG	2016-01-11 19:47:21,476	freemarker.cache	[main] - TemplateLoader.findTemplateSource("src/main/java/topics/introduction/BasicAlgorithms_en.ftl"): Not found
DEBUG	2016-01-11 19:47:21,476	freemarker.cache	[main] - TemplateLoader.findTemplateSource("src/main/java/topics/introduction/BasicAlgorithms.ftl"): Not found
DEBUG	2016-01-11 19:47:21,483	freemarker.cache	[main] - Couldn't find template in cache for "src/main/java/topics/introduction/BasicAlgorithms.ftl"("en_US", UTF-8, parsed); will try to load it.
DEBUG	2016-01-11 19:47:21,483	freemarker.cache	[main] - TemplateLoader.findTemplateSource("src/main/java/topics/introduction/BasicAlgorithms_en_US.ftl"): Not found
DEBUG	2016-01-11 19:47:21,483	freemarker.cache	[main] - TemplateLoader.findTemplateSource("src/main/java/topics/introduction/BasicAlgorithms_en.ftl"): Not found
DEBUG	2016-01-11 19:47:21,484	freemarker.cache	[main] - TemplateLoader.findTemplateSource("src/main/java/topics/introduction/BasicAlgorithms.ftl"): Not found
INFO	2016-01-12 07:44:57,905	topics.introduction.BasicAlgorithms	[main] - Adding two numbers
INFO	2016-01-12 07:44:57,907	topics.introduction.BasicAlgorithms	[main] - Adding two numbers
